<html>
<head>
<title>TestNG:  Default test</title>
<link href="../testng.css" rel="stylesheet" type="text/css" />
<link href="../my-testng.css" rel="stylesheet" type="text/css" />

<style type="text/css">
.log { display: none;} 
.stack-trace { display: none;} 
</style>
<script type="text/javascript">
<!--
function flip(e) {
  current = e.style.display;
  if (current == 'block') {
    e.style.display = 'none';
    return 0;
  }
  else {
    e.style.display = 'block';
    return 1;
  }
}

function toggleBox(szDivId, elem, msg1, msg2)
{
  var res = -1;  if (document.getElementById) {
    res = flip(document.getElementById(szDivId));
  }
  else if (document.all) {
    // this is the way old msie versions work
    res = flip(document.all[szDivId]);
  }
  if(elem) {
    if(res == 0) elem.innerHTML = msg1; else elem.innerHTML = msg2;
  }

}

function toggleAllBoxes() {
  if (document.getElementsByTagName) {
    d = document.getElementsByTagName('div');
    for (i = 0; i < d.length; i++) {
      if (d[i].className == 'log') {
        flip(d[i]);
      }
    }
  }
}

// -->
</script>

</head>
<body>
<h2 align='center'>Default test</h2><table border='1' align="center">
<tr>
<td>Tests passed/Failed/Skipped:</td><td>37/3/0</td>
</tr><tr>
<td>Started on:</td><td>Fri Jan 17 01:03:38 IST 2025</td>
</tr>
<tr><td>Total time:</td><td>525 seconds (525512 ms)</td>
</tr><tr>
<td>Included groups:</td><td></td>
</tr><tr>
<td>Excluded groups:</td><td></td>
</tr>
</table><p/>
<small><i>(Hover the method name to see the test class name)</i></small><p/>
<table width='100%' border='1' class='invocation-failed'>
<tr><td colspan='4' align='center'><b>FAILED TESTS</b></td></tr>
<tr><td><b>Test method</b></td>
<td><b>Attribute(s)</b></td>
<td width="30%"><b>Exception</b></td>
<td width="10%"><b>Time (seconds)</b></td>
<td><b>Instance</b></td>
</tr>
<tr>
<td title='runner.TestRunnerClass.runScenario()'><b>runScenario</b><br>Test class: runner.TestRunnerClass<br>Test method: Runs Cucumber Scenarios<br>Parameters: "Validating Registered Users", "Register New User"</td>
<td><div><pre>org.openqa.selenium.NoSuchElementException: no such element: Unable to locate element: {&quot;method&quot;:&quot;xpath&quot;,&quot;selector&quot;:&quot;//p[text()=&apos;Error registered user&apos;]&quot;}
  (Session info: chrome=131.0.6778.265)
For documentation on this error, please visit: https://www.selenium.dev/documentation/webdriver/troubleshooting/errors#no-such-element-exception
Build info: version: &apos;4.11.0&apos;, revision: &apos;040bc5406b&apos;
System info: os.name: &apos;Windows 11&apos;, os.arch: &apos;amd64&apos;, os.version: &apos;10.0&apos;, java.version: &apos;23.0.1&apos;
Driver info: org.openqa.selenium.chrome.ChromeDriver
Command: [ad2f3ad94e88fb525369ca1e3c2a2efd, findElement {using=xpath, value=//p[text()=&apos;Error registered user&apos;]}]
Capabilities {acceptInsecureCerts: false, browserName: chrome, browserVersion: 131.0.6778.265, chrome: {chromedriverVersion: 131.0.6778.264 (2d05e315153..., userDataDir: C:\Users\SMUNIY~1\AppData\L...}, fedcm:accounts: true, goog:chromeOptions: {debuggerAddress: localhost:57011}, networkConnectionEnabled: false, pageLoadStrategy: normal, platformName: windows, proxy: Proxy(), se:cdp: ws://localhost:57011/devtoo..., se:cdpVersion: 131.0.6778.265, setWindowRect: true, strictFileInteractability: false, timeouts: {implicit: 0, pageLoad: 300000, script: 30000}, unhandledPromptBehavior: dismiss and notify, webauthn:extension:credBlob: true, webauthn:extension:largeBlob: true, webauthn:extension:minPinLength: true, webauthn:extension:prf: true, webauthn:virtualAuthenticators: true}
Session ID: ad2f3ad94e88fb525369ca1e3c2a2efd
	at java.base/jdk.internal.reflect.DirectConstructorHandleAccessor.newInstance(DirectConstructorHandleAccessor.java:62)
	at java.base/java.lang.reflect.Constructor.newInstanceWithCaller(Constructor.java:501)
	at java.base/java.lang.reflect.Constructor.newInstance(Constructor.java:485)
	at org.openqa.selenium.remote.codec.w3c.W3CHttpResponseCodec.createException(W3CHttpResponseCodec.java:200)
	at org.openqa.selenium.remote.codec.w3c.W3CHttpResponseCodec.decode(W3CHttpResponseCodec.java:133)
	at org.openqa.selenium.remote.codec.w3c.W3CHttpResponseCodec.decode(W3CHttpResponseCodec.java:52)
	at org.openqa.selenium.remote.HttpCommandExecutor.execute(HttpCommandExecutor.java:191)
	at org.openqa.selenium.remote.service.DriverCommandExecutor.invokeExecute(DriverCommandExecutor.java:196)
	at org.openqa.selenium.remote.service.DriverCommandExecutor.execute(DriverCommandExecutor.java:171)
	at org.openqa.selenium.remote.RemoteWebDriver.execute(RemoteWebDriver.java:518)
	at org.openqa.selenium.remote.ElementLocation$ElementFinder$2.findElement(ElementLocation.java:165)
	at org.openqa.selenium.remote.ElementLocation.findElement(ElementLocation.java:59)
	at org.openqa.selenium.remote.RemoteWebDriver.findElement(RemoteWebDriver.java:355)
	at org.openqa.selenium.remote.RemoteWebDriver.findElement(RemoteWebDriver.java:349)
	at stepDef.registerNewAccount.user_get_the_error_msg(registerNewAccount.java:128)
	at ✽.User get the error msg(file:///C:/Users/smuniyappan2/git/repository/Cucumber/src/test/resources/feature5_RegisterNewAccount.feature:46)
</pre></div><a href='#' onClick='toggleBox("stack-trace1247678383", this, "Click to show all stack frames", "Click to hide stack frames")'>Click to show all stack frames</a>
<div class='stack-trace' id='stack-trace1247678383'><pre>org.openqa.selenium.NoSuchElementException: no such element: Unable to locate element: {&quot;method&quot;:&quot;xpath&quot;,&quot;selector&quot;:&quot;//p[text()=&apos;Error registered user&apos;]&quot;}
  (Session info: chrome=131.0.6778.265)
For documentation on this error, please visit: https://www.selenium.dev/documentation/webdriver/troubleshooting/errors#no-such-element-exception
Build info: version: &apos;4.11.0&apos;, revision: &apos;040bc5406b&apos;
System info: os.name: &apos;Windows 11&apos;, os.arch: &apos;amd64&apos;, os.version: &apos;10.0&apos;, java.version: &apos;23.0.1&apos;
Driver info: org.openqa.selenium.chrome.ChromeDriver
Command: [ad2f3ad94e88fb525369ca1e3c2a2efd, findElement {using=xpath, value=//p[text()=&apos;Error registered user&apos;]}]
Capabilities {acceptInsecureCerts: false, browserName: chrome, browserVersion: 131.0.6778.265, chrome: {chromedriverVersion: 131.0.6778.264 (2d05e315153..., userDataDir: C:\Users\SMUNIY~1\AppData\L...}, fedcm:accounts: true, goog:chromeOptions: {debuggerAddress: localhost:57011}, networkConnectionEnabled: false, pageLoadStrategy: normal, platformName: windows, proxy: Proxy(), se:cdp: ws://localhost:57011/devtoo..., se:cdpVersion: 131.0.6778.265, setWindowRect: true, strictFileInteractability: false, timeouts: {implicit: 0, pageLoad: 300000, script: 30000}, unhandledPromptBehavior: dismiss and notify, webauthn:extension:credBlob: true, webauthn:extension:largeBlob: true, webauthn:extension:minPinLength: true, webauthn:extension:prf: true, webauthn:virtualAuthenticators: true}
Session ID: ad2f3ad94e88fb525369ca1e3c2a2efd
	at java.base/jdk.internal.reflect.DirectConstructorHandleAccessor.newInstance(DirectConstructorHandleAccessor.java:62)
	at java.base/java.lang.reflect.Constructor.newInstanceWithCaller(Constructor.java:501)
	at java.base/java.lang.reflect.Constructor.newInstance(Constructor.java:485)
	at org.openqa.selenium.remote.codec.w3c.W3CHttpResponseCodec.createException(W3CHttpResponseCodec.java:200)
	at org.openqa.selenium.remote.codec.w3c.W3CHttpResponseCodec.decode(W3CHttpResponseCodec.java:133)
	at org.openqa.selenium.remote.codec.w3c.W3CHttpResponseCodec.decode(W3CHttpResponseCodec.java:52)
	at org.openqa.selenium.remote.HttpCommandExecutor.execute(HttpCommandExecutor.java:191)
	at org.openqa.selenium.remote.service.DriverCommandExecutor.invokeExecute(DriverCommandExecutor.java:196)
	at org.openqa.selenium.remote.service.DriverCommandExecutor.execute(DriverCommandExecutor.java:171)
	at org.openqa.selenium.remote.RemoteWebDriver.execute(RemoteWebDriver.java:518)
	at org.openqa.selenium.remote.ElementLocation$ElementFinder$2.findElement(ElementLocation.java:165)
	at org.openqa.selenium.remote.ElementLocation.findElement(ElementLocation.java:59)
	at org.openqa.selenium.remote.RemoteWebDriver.findElement(RemoteWebDriver.java:355)
	at org.openqa.selenium.remote.RemoteWebDriver.findElement(RemoteWebDriver.java:349)
	at stepDef.registerNewAccount.user_get_the_error_msg(registerNewAccount.java:128)
	at ✽.User get the error msg(file:///C:/Users/smuniyappan2/git/repository/Cucumber/src/test/resources/feature5_RegisterNewAccount.feature:46)
</pre></div></td>
<td>16</td>
<td>runner.TestRunnerClass@4961f6af</td></tr>
<tr>
<td title='runner.TestRunnerClass.runScenario()'><b>runScenario</b><br>Test class: runner.TestRunnerClass<br>Test method: Runs Cucumber Scenarios<br>Parameters: "Validating Registered Users", "Register New User"</td>
<td><div><pre>org.openqa.selenium.NoSuchElementException: no such element: Unable to locate element: {&quot;method&quot;:&quot;xpath&quot;,&quot;selector&quot;:&quot;//p[text()=&apos;Error registered user&apos;]&quot;}
  (Session info: chrome=131.0.6778.265)
For documentation on this error, please visit: https://www.selenium.dev/documentation/webdriver/troubleshooting/errors#no-such-element-exception
Build info: version: &apos;4.11.0&apos;, revision: &apos;040bc5406b&apos;
System info: os.name: &apos;Windows 11&apos;, os.arch: &apos;amd64&apos;, os.version: &apos;10.0&apos;, java.version: &apos;23.0.1&apos;
Driver info: org.openqa.selenium.chrome.ChromeDriver
Command: [94b814c9ec456e5a41d76ccc137e8df0, findElement {using=xpath, value=//p[text()=&apos;Error registered user&apos;]}]
Capabilities {acceptInsecureCerts: false, browserName: chrome, browserVersion: 131.0.6778.265, chrome: {chromedriverVersion: 131.0.6778.264 (2d05e315153..., userDataDir: C:\Users\SMUNIY~1\AppData\L...}, fedcm:accounts: true, goog:chromeOptions: {debuggerAddress: localhost:57041}, networkConnectionEnabled: false, pageLoadStrategy: normal, platformName: windows, proxy: Proxy(), se:cdp: ws://localhost:57041/devtoo..., se:cdpVersion: 131.0.6778.265, setWindowRect: true, strictFileInteractability: false, timeouts: {implicit: 0, pageLoad: 300000, script: 30000}, unhandledPromptBehavior: dismiss and notify, webauthn:extension:credBlob: true, webauthn:extension:largeBlob: true, webauthn:extension:minPinLength: true, webauthn:extension:prf: true, webauthn:virtualAuthenticators: true}
Session ID: 94b814c9ec456e5a41d76ccc137e8df0
	at java.base/jdk.internal.reflect.DirectConstructorHandleAccessor.newInstance(DirectConstructorHandleAccessor.java:62)
	at java.base/java.lang.reflect.Constructor.newInstanceWithCaller(Constructor.java:501)
	at java.base/java.lang.reflect.Constructor.newInstance(Constructor.java:485)
	at org.openqa.selenium.remote.codec.w3c.W3CHttpResponseCodec.createException(W3CHttpResponseCodec.java:200)
	at org.openqa.selenium.remote.codec.w3c.W3CHttpResponseCodec.decode(W3CHttpResponseCodec.java:133)
	at org.openqa.selenium.remote.codec.w3c.W3CHttpResponseCodec.decode(W3CHttpResponseCodec.java:52)
	at org.openqa.selenium.remote.HttpCommandExecutor.execute(HttpCommandExecutor.java:191)
	at org.openqa.selenium.remote.service.DriverCommandExecutor.invokeExecute(DriverCommandExecutor.java:196)
	at org.openqa.selenium.remote.service.DriverCommandExecutor.execute(DriverCommandExecutor.java:171)
	at org.openqa.selenium.remote.RemoteWebDriver.execute(RemoteWebDriver.java:518)
	at org.openqa.selenium.remote.ElementLocation$ElementFinder$2.findElement(ElementLocation.java:165)
	at org.openqa.selenium.remote.ElementLocation.findElement(ElementLocation.java:59)
	at org.openqa.selenium.remote.RemoteWebDriver.findElement(RemoteWebDriver.java:355)
	at org.openqa.selenium.remote.RemoteWebDriver.findElement(RemoteWebDriver.java:349)
	at stepDef.registerNewAccount.user_get_the_error_msg(registerNewAccount.java:128)
	at ✽.User get the error msg(file:///C:/Users/smuniyappan2/git/repository/Cucumber/src/test/resources/feature5_RegisterNewAccount.feature:46)
</pre></div><a href='#' onClick='toggleBox("stack-trace1460921183", this, "Click to show all stack frames", "Click to hide stack frames")'>Click to show all stack frames</a>
<div class='stack-trace' id='stack-trace1460921183'><pre>org.openqa.selenium.NoSuchElementException: no such element: Unable to locate element: {&quot;method&quot;:&quot;xpath&quot;,&quot;selector&quot;:&quot;//p[text()=&apos;Error registered user&apos;]&quot;}
  (Session info: chrome=131.0.6778.265)
For documentation on this error, please visit: https://www.selenium.dev/documentation/webdriver/troubleshooting/errors#no-such-element-exception
Build info: version: &apos;4.11.0&apos;, revision: &apos;040bc5406b&apos;
System info: os.name: &apos;Windows 11&apos;, os.arch: &apos;amd64&apos;, os.version: &apos;10.0&apos;, java.version: &apos;23.0.1&apos;
Driver info: org.openqa.selenium.chrome.ChromeDriver
Command: [94b814c9ec456e5a41d76ccc137e8df0, findElement {using=xpath, value=//p[text()=&apos;Error registered user&apos;]}]
Capabilities {acceptInsecureCerts: false, browserName: chrome, browserVersion: 131.0.6778.265, chrome: {chromedriverVersion: 131.0.6778.264 (2d05e315153..., userDataDir: C:\Users\SMUNIY~1\AppData\L...}, fedcm:accounts: true, goog:chromeOptions: {debuggerAddress: localhost:57041}, networkConnectionEnabled: false, pageLoadStrategy: normal, platformName: windows, proxy: Proxy(), se:cdp: ws://localhost:57041/devtoo..., se:cdpVersion: 131.0.6778.265, setWindowRect: true, strictFileInteractability: false, timeouts: {implicit: 0, pageLoad: 300000, script: 30000}, unhandledPromptBehavior: dismiss and notify, webauthn:extension:credBlob: true, webauthn:extension:largeBlob: true, webauthn:extension:minPinLength: true, webauthn:extension:prf: true, webauthn:virtualAuthenticators: true}
Session ID: 94b814c9ec456e5a41d76ccc137e8df0
	at java.base/jdk.internal.reflect.DirectConstructorHandleAccessor.newInstance(DirectConstructorHandleAccessor.java:62)
	at java.base/java.lang.reflect.Constructor.newInstanceWithCaller(Constructor.java:501)
	at java.base/java.lang.reflect.Constructor.newInstance(Constructor.java:485)
	at org.openqa.selenium.remote.codec.w3c.W3CHttpResponseCodec.createException(W3CHttpResponseCodec.java:200)
	at org.openqa.selenium.remote.codec.w3c.W3CHttpResponseCodec.decode(W3CHttpResponseCodec.java:133)
	at org.openqa.selenium.remote.codec.w3c.W3CHttpResponseCodec.decode(W3CHttpResponseCodec.java:52)
	at org.openqa.selenium.remote.HttpCommandExecutor.execute(HttpCommandExecutor.java:191)
	at org.openqa.selenium.remote.service.DriverCommandExecutor.invokeExecute(DriverCommandExecutor.java:196)
	at org.openqa.selenium.remote.service.DriverCommandExecutor.execute(DriverCommandExecutor.java:171)
	at org.openqa.selenium.remote.RemoteWebDriver.execute(RemoteWebDriver.java:518)
	at org.openqa.selenium.remote.ElementLocation$ElementFinder$2.findElement(ElementLocation.java:165)
	at org.openqa.selenium.remote.ElementLocation.findElement(ElementLocation.java:59)
	at org.openqa.selenium.remote.RemoteWebDriver.findElement(RemoteWebDriver.java:355)
	at org.openqa.selenium.remote.RemoteWebDriver.findElement(RemoteWebDriver.java:349)
	at stepDef.registerNewAccount.user_get_the_error_msg(registerNewAccount.java:128)
	at ✽.User get the error msg(file:///C:/Users/smuniyappan2/git/repository/Cucumber/src/test/resources/feature5_RegisterNewAccount.feature:46)
</pre></div></td>
<td>17</td>
<td>runner.TestRunnerClass@4961f6af</td></tr>
<tr>
<td title='runner.TestRunnerClass.runScenario()'><b>runScenario</b><br>Test class: runner.TestRunnerClass<br>Test method: Runs Cucumber Scenarios<br>Parameters: "Validating Registered Users", "Register New User"</td>
<td><div><pre>org.openqa.selenium.NoSuchElementException: no such element: Unable to locate element: {&quot;method&quot;:&quot;xpath&quot;,&quot;selector&quot;:&quot;//p[text()=&apos;Error registered user&apos;]&quot;}
  (Session info: chrome=131.0.6778.265)
For documentation on this error, please visit: https://www.selenium.dev/documentation/webdriver/troubleshooting/errors#no-such-element-exception
Build info: version: &apos;4.11.0&apos;, revision: &apos;040bc5406b&apos;
System info: os.name: &apos;Windows 11&apos;, os.arch: &apos;amd64&apos;, os.version: &apos;10.0&apos;, java.version: &apos;23.0.1&apos;
Driver info: org.openqa.selenium.chrome.ChromeDriver
Command: [788c70f07e92947c6e4d395eee57e32c, findElement {using=xpath, value=//p[text()=&apos;Error registered user&apos;]}]
Capabilities {acceptInsecureCerts: false, browserName: chrome, browserVersion: 131.0.6778.265, chrome: {chromedriverVersion: 131.0.6778.264 (2d05e315153..., userDataDir: C:\Users\SMUNIY~1\AppData\L...}, fedcm:accounts: true, goog:chromeOptions: {debuggerAddress: localhost:57071}, networkConnectionEnabled: false, pageLoadStrategy: normal, platformName: windows, proxy: Proxy(), se:cdp: ws://localhost:57071/devtoo..., se:cdpVersion: 131.0.6778.265, setWindowRect: true, strictFileInteractability: false, timeouts: {implicit: 0, pageLoad: 300000, script: 30000}, unhandledPromptBehavior: dismiss and notify, webauthn:extension:credBlob: true, webauthn:extension:largeBlob: true, webauthn:extension:minPinLength: true, webauthn:extension:prf: true, webauthn:virtualAuthenticators: true}
Session ID: 788c70f07e92947c6e4d395eee57e32c
	at java.base/jdk.internal.reflect.DirectConstructorHandleAccessor.newInstance(DirectConstructorHandleAccessor.java:62)
	at java.base/java.lang.reflect.Constructor.newInstanceWithCaller(Constructor.java:501)
	at java.base/java.lang.reflect.Constructor.newInstance(Constructor.java:485)
	at org.openqa.selenium.remote.codec.w3c.W3CHttpResponseCodec.createException(W3CHttpResponseCodec.java:200)
	at org.openqa.selenium.remote.codec.w3c.W3CHttpResponseCodec.decode(W3CHttpResponseCodec.java:133)
	at org.openqa.selenium.remote.codec.w3c.W3CHttpResponseCodec.decode(W3CHttpResponseCodec.java:52)
	at org.openqa.selenium.remote.HttpCommandExecutor.execute(HttpCommandExecutor.java:191)
	at org.openqa.selenium.remote.service.DriverCommandExecutor.invokeExecute(DriverCommandExecutor.java:196)
	at org.openqa.selenium.remote.service.DriverCommandExecutor.execute(DriverCommandExecutor.java:171)
	at org.openqa.selenium.remote.RemoteWebDriver.execute(RemoteWebDriver.java:518)
	at org.openqa.selenium.remote.ElementLocation$ElementFinder$2.findElement(ElementLocation.java:165)
	at org.openqa.selenium.remote.ElementLocation.findElement(ElementLocation.java:59)
	at org.openqa.selenium.remote.RemoteWebDriver.findElement(RemoteWebDriver.java:355)
	at org.openqa.selenium.remote.RemoteWebDriver.findElement(RemoteWebDriver.java:349)
	at stepDef.registerNewAccount.user_get_the_error_msg(registerNewAccount.java:128)
	at ✽.User get the error msg(file:///C:/Users/smuniyappan2/git/repository/Cucumber/src/test/resources/feature5_RegisterNewAccount.feature:46)
</pre></div><a href='#' onClick='toggleBox("stack-trace1263887658", this, "Click to show all stack frames", "Click to hide stack frames")'>Click to show all stack frames</a>
<div class='stack-trace' id='stack-trace1263887658'><pre>org.openqa.selenium.NoSuchElementException: no such element: Unable to locate element: {&quot;method&quot;:&quot;xpath&quot;,&quot;selector&quot;:&quot;//p[text()=&apos;Error registered user&apos;]&quot;}
  (Session info: chrome=131.0.6778.265)
For documentation on this error, please visit: https://www.selenium.dev/documentation/webdriver/troubleshooting/errors#no-such-element-exception
Build info: version: &apos;4.11.0&apos;, revision: &apos;040bc5406b&apos;
System info: os.name: &apos;Windows 11&apos;, os.arch: &apos;amd64&apos;, os.version: &apos;10.0&apos;, java.version: &apos;23.0.1&apos;
Driver info: org.openqa.selenium.chrome.ChromeDriver
Command: [788c70f07e92947c6e4d395eee57e32c, findElement {using=xpath, value=//p[text()=&apos;Error registered user&apos;]}]
Capabilities {acceptInsecureCerts: false, browserName: chrome, browserVersion: 131.0.6778.265, chrome: {chromedriverVersion: 131.0.6778.264 (2d05e315153..., userDataDir: C:\Users\SMUNIY~1\AppData\L...}, fedcm:accounts: true, goog:chromeOptions: {debuggerAddress: localhost:57071}, networkConnectionEnabled: false, pageLoadStrategy: normal, platformName: windows, proxy: Proxy(), se:cdp: ws://localhost:57071/devtoo..., se:cdpVersion: 131.0.6778.265, setWindowRect: true, strictFileInteractability: false, timeouts: {implicit: 0, pageLoad: 300000, script: 30000}, unhandledPromptBehavior: dismiss and notify, webauthn:extension:credBlob: true, webauthn:extension:largeBlob: true, webauthn:extension:minPinLength: true, webauthn:extension:prf: true, webauthn:virtualAuthenticators: true}
Session ID: 788c70f07e92947c6e4d395eee57e32c
	at java.base/jdk.internal.reflect.DirectConstructorHandleAccessor.newInstance(DirectConstructorHandleAccessor.java:62)
	at java.base/java.lang.reflect.Constructor.newInstanceWithCaller(Constructor.java:501)
	at java.base/java.lang.reflect.Constructor.newInstance(Constructor.java:485)
	at org.openqa.selenium.remote.codec.w3c.W3CHttpResponseCodec.createException(W3CHttpResponseCodec.java:200)
	at org.openqa.selenium.remote.codec.w3c.W3CHttpResponseCodec.decode(W3CHttpResponseCodec.java:133)
	at org.openqa.selenium.remote.codec.w3c.W3CHttpResponseCodec.decode(W3CHttpResponseCodec.java:52)
	at org.openqa.selenium.remote.HttpCommandExecutor.execute(HttpCommandExecutor.java:191)
	at org.openqa.selenium.remote.service.DriverCommandExecutor.invokeExecute(DriverCommandExecutor.java:196)
	at org.openqa.selenium.remote.service.DriverCommandExecutor.execute(DriverCommandExecutor.java:171)
	at org.openqa.selenium.remote.RemoteWebDriver.execute(RemoteWebDriver.java:518)
	at org.openqa.selenium.remote.ElementLocation$ElementFinder$2.findElement(ElementLocation.java:165)
	at org.openqa.selenium.remote.ElementLocation.findElement(ElementLocation.java:59)
	at org.openqa.selenium.remote.RemoteWebDriver.findElement(RemoteWebDriver.java:355)
	at org.openqa.selenium.remote.RemoteWebDriver.findElement(RemoteWebDriver.java:349)
	at stepDef.registerNewAccount.user_get_the_error_msg(registerNewAccount.java:128)
	at ✽.User get the error msg(file:///C:/Users/smuniyappan2/git/repository/Cucumber/src/test/resources/feature5_RegisterNewAccount.feature:46)
</pre></div></td>
<td>16</td>
<td>runner.TestRunnerClass@4961f6af</td></tr>
</table><p>
<table width='100%' border='1' class='invocation-passed'>
<tr><td colspan='4' align='center'><b>PASSED TESTS</b></td></tr>
<tr><td><b>Test method</b></td>
<td><b>Attribute(s)</b></td>
<td width="30%"><b>Exception</b></td>
<td width="10%"><b>Time (seconds)</b></td>
<td><b>Instance</b></td>
</tr>
<tr>
<td title='runner.TestRunnerClass.runScenario()'><b>runScenario</b><br>Test class: runner.TestRunnerClass<br>Test method: Runs Cucumber Scenarios<br>Parameters: "Validating Registered Users", "Register New User"</td>
<td></td>
<td>8</td>
<td>runner.TestRunnerClass@4961f6af</td></tr>
<tr>
<td title='runner.TestRunnerClass.runScenario()'><b>runScenario</b><br>Test class: runner.TestRunnerClass<br>Test method: Runs Cucumber Scenarios<br>Parameters: "Deleting Registered Users", "Validation of Deleting Users in ExpleoSurance Page"</td>
<td></td>
<td>6</td>
<td>runner.TestRunnerClass@4961f6af</td></tr>
<tr>
<td title='runner.TestRunnerClass.runScenario()'><b>runScenario</b><br>Test class: runner.TestRunnerClass<br>Test method: Runs Cucumber Scenarios<br>Parameters: "Validation of Adding New Insurance", "Validation of New Insurace Details"</td>
<td></td>
<td>13</td>
<td>runner.TestRunnerClass@4961f6af</td></tr>
<tr>
<td title='runner.TestRunnerClass.runScenario()'><b>runScenario</b><br>Test class: runner.TestRunnerClass<br>Test method: Runs Cucumber Scenarios<br>Parameters: "Validating New User Registration", "Register New User"</td>
<td></td>
<td>11</td>
<td>runner.TestRunnerClass@4961f6af</td></tr>
<tr>
<td title='runner.TestRunnerClass.runScenario()'><b>runScenario</b><br>Test class: runner.TestRunnerClass<br>Test method: Runs Cucumber Scenarios<br>Parameters: "Validation of Adding New Insurance", "Validation of New Insurace Details"</td>
<td></td>
<td>14</td>
<td>runner.TestRunnerClass@4961f6af</td></tr>
<tr>
<td title='runner.TestRunnerClass.runScenario()'><b>runScenario</b><br>Test class: runner.TestRunnerClass<br>Test method: Runs Cucumber Scenarios<br>Parameters: "Validating New User Registration", "Register New User"</td>
<td></td>
<td>11</td>
<td>runner.TestRunnerClass@4961f6af</td></tr>
<tr>
<td title='runner.TestRunnerClass.runScenario()'><b>runScenario</b><br>Test class: runner.TestRunnerClass<br>Test method: Runs Cucumber Scenarios<br>Parameters: "Validation of Adding New Insurance", "Validation of New Insurace Details"</td>
<td></td>
<td>14</td>
<td>runner.TestRunnerClass@4961f6af</td></tr>
<tr>
<td title='runner.TestRunnerClass.runScenario()'><b>runScenario</b><br>Test class: runner.TestRunnerClass<br>Test method: Runs Cucumber Scenarios<br>Parameters: "Validation of Adding New Insurance", "Validation of New Insurace Details"</td>
<td></td>
<td>13</td>
<td>runner.TestRunnerClass@4961f6af</td></tr>
<tr>
<td title='runner.TestRunnerClass.runScenario()'><b>runScenario</b><br>Test class: runner.TestRunnerClass<br>Test method: Runs Cucumber Scenarios<br>Parameters: "Validation of Adding New Insurance", "Validation of New Insurace Details"</td>
<td></td>
<td>13</td>
<td>runner.TestRunnerClass@4961f6af</td></tr>
<tr>
<td title='runner.TestRunnerClass.runScenario()'><b>runScenario</b><br>Test class: runner.TestRunnerClass<br>Test method: Runs Cucumber Scenarios<br>Parameters: "Deleting Registered Users", "Validation of Deleting Users in ExpleoSurance Page"</td>
<td></td>
<td>8</td>
<td>runner.TestRunnerClass@4961f6af</td></tr>
<tr>
<td title='runner.TestRunnerClass.runScenario()'><b>runScenario</b><br>Test class: runner.TestRunnerClass<br>Test method: Runs Cucumber Scenarios<br>Parameters: "Validation of Adding New Insurance", "Validation of New Insurace Details"</td>
<td></td>
<td>14</td>
<td>runner.TestRunnerClass@4961f6af</td></tr>
<tr>
<td title='runner.TestRunnerClass.runScenario()'><b>runScenario</b><br>Test class: runner.TestRunnerClass<br>Test method: Runs Cucumber Scenarios<br>Parameters: "Validating Registered Users", "Register New User"</td>
<td></td>
<td>8</td>
<td>runner.TestRunnerClass@4961f6af</td></tr>
<tr>
<td title='runner.TestRunnerClass.runScenario()'><b>runScenario</b><br>Test class: runner.TestRunnerClass<br>Test method: Runs Cucumber Scenarios<br>Parameters: "Validating payemnts page", "Payment Page Validation"</td>
<td></td>
<td>15</td>
<td>runner.TestRunnerClass@4961f6af</td></tr>
<tr>
<td title='runner.TestRunnerClass.runScenario()'><b>runScenario</b><br>Test class: runner.TestRunnerClass<br>Test method: Runs Cucumber Scenarios<br>Parameters: "Vaildating multiple delete account created in New Insurance", "Delete Multiple Accounts Created in New Insurace"</td>
<td></td>
<td>10</td>
<td>runner.TestRunnerClass@4961f6af</td></tr>
<tr>
<td title='runner.TestRunnerClass.runScenario()'><b>runScenario</b><br>Test class: runner.TestRunnerClass<br>Test method: Runs Cucumber Scenarios<br>Parameters: "Unsuccessful Login with invalid credentials", "Login Page Functionality"</td>
<td></td>
<td>12</td>
<td>runner.TestRunnerClass@4961f6af</td></tr>
<tr>
<td title='runner.TestRunnerClass.runScenario()'><b>runScenario</b><br>Test class: runner.TestRunnerClass<br>Test method: Runs Cucumber Scenarios<br>Parameters: "Successful Login with valid credentials", "Login Page Functionality"</td>
<td></td>
<td>22</td>
<td>runner.TestRunnerClass@4961f6af</td></tr>
<tr>
<td title='runner.TestRunnerClass.runScenario()'><b>runScenario</b><br>Test class: runner.TestRunnerClass<br>Test method: Runs Cucumber Scenarios<br>Parameters: "Validate the landing page title", "Login Page Functionality"</td>
<td></td>
<td>17</td>
<td>runner.TestRunnerClass@4961f6af</td></tr>
<tr>
<td title='runner.TestRunnerClass.runScenario()'><b>runScenario</b><br>Test class: runner.TestRunnerClass<br>Test method: Runs Cucumber Scenarios<br>Parameters: "Validation of Adding New Insurance", "Validation of New Insurace Details"</td>
<td></td>
<td>13</td>
<td>runner.TestRunnerClass@4961f6af</td></tr>
<tr>
<td title='runner.TestRunnerClass.runScenario()'><b>runScenario</b><br>Test class: runner.TestRunnerClass<br>Test method: Runs Cucumber Scenarios<br>Parameters: "User is changing the Password", "User is changing the password"</td>
<td></td>
<td>7</td>
<td>runner.TestRunnerClass@4961f6af</td></tr>
<tr>
<td title='runner.TestRunnerClass.runScenario()'><b>runScenario</b><br>Test class: runner.TestRunnerClass<br>Test method: Runs Cucumber Scenarios<br>Parameters: "Login with empty credentials", "Login Page Functionality"</td>
<td></td>
<td>11</td>
<td>runner.TestRunnerClass@4961f6af</td></tr>
<tr>
<td title='runner.TestRunnerClass.runScenario()'><b>runScenario</b><br>Test class: runner.TestRunnerClass<br>Test method: Runs Cucumber Scenarios<br>Parameters: "Validating Registered Users", "Register New User"</td>
<td></td>
<td>8</td>
<td>runner.TestRunnerClass@4961f6af</td></tr>
<tr>
<td title='runner.TestRunnerClass.runScenario()'><b>runScenario</b><br>Test class: runner.TestRunnerClass<br>Test method: Runs Cucumber Scenarios<br>Parameters: "Validation of Adding New Insurance", "Validation of New Insurace Details"</td>
<td></td>
<td>13</td>
<td>runner.TestRunnerClass@4961f6af</td></tr>
<tr>
<td title='runner.TestRunnerClass.runScenario()'><b>runScenario</b><br>Test class: runner.TestRunnerClass<br>Test method: Runs Cucumber Scenarios<br>Parameters: "Validating Registered Users", "Register New User"</td>
<td></td>
<td>8</td>
<td>runner.TestRunnerClass@4961f6af</td></tr>
<tr>
<td title='runner.TestRunnerClass.runScenario()'><b>runScenario</b><br>Test class: runner.TestRunnerClass<br>Test method: Runs Cucumber Scenarios<br>Parameters: "Deleting Registered Users", "Validation of Deleting Users in ExpleoSurance Page"</td>
<td></td>
<td>7</td>
<td>runner.TestRunnerClass@4961f6af</td></tr>
<tr>
<td title='runner.TestRunnerClass.runScenario()'><b>runScenario</b><br>Test class: runner.TestRunnerClass<br>Test method: Runs Cucumber Scenarios<br>Parameters: "Validation of Adding New Insurance", "Validation of New Insurace Details"</td>
<td></td>
<td>13</td>
<td>runner.TestRunnerClass@4961f6af</td></tr>
<tr>
<td title='runner.TestRunnerClass.runScenario()'><b>runScenario</b><br>Test class: runner.TestRunnerClass<br>Test method: Runs Cucumber Scenarios<br>Parameters: "Validating Delete Policy for Cancel button", "Delete Policy"</td>
<td></td>
<td>27</td>
<td>runner.TestRunnerClass@4961f6af</td></tr>
<tr>
<td title='runner.TestRunnerClass.runScenario()'><b>runScenario</b><br>Test class: runner.TestRunnerClass<br>Test method: Runs Cucumber Scenarios<br>Parameters: "Validating New User Registration", "Register New User"</td>
<td></td>
<td>11</td>
<td>runner.TestRunnerClass@4961f6af</td></tr>
<tr>
<td title='runner.TestRunnerClass.runScenario()'><b>runScenario</b><br>Test class: runner.TestRunnerClass<br>Test method: Runs Cucumber Scenarios<br>Parameters: "Print table header in console", "Get Table Header"</td>
<td></td>
<td>5</td>
<td>runner.TestRunnerClass@4961f6af</td></tr>
<tr>
<td title='runner.TestRunnerClass.runScenario()'><b>runScenario</b><br>Test class: runner.TestRunnerClass<br>Test method: Runs Cucumber Scenarios<br>Parameters: "Validating New User Registration", "Register New User"</td>
<td></td>
<td>11</td>
<td>runner.TestRunnerClass@4961f6af</td></tr>
<tr>
<td title='runner.TestRunnerClass.runScenario()'><b>runScenario</b><br>Test class: runner.TestRunnerClass<br>Test method: Runs Cucumber Scenarios<br>Parameters: "Validating New User Registration", "Register New User"</td>
<td></td>
<td>11</td>
<td>runner.TestRunnerClass@4961f6af</td></tr>
<tr>
<td title='runner.TestRunnerClass.runScenario()'><b>runScenario</b><br>Test class: runner.TestRunnerClass<br>Test method: Runs Cucumber Scenarios<br>Parameters: "Unsuccessful Login with invalid credentials", "Login Page Functionality"</td>
<td></td>
<td>12</td>
<td>runner.TestRunnerClass@4961f6af</td></tr>
<tr>
<td title='runner.TestRunnerClass.runScenario()'><b>runScenario</b><br>Test class: runner.TestRunnerClass<br>Test method: Runs Cucumber Scenarios<br>Parameters: "Validation of Adding New Insurance", "Validation of New Insurace Details"</td>
<td></td>
<td>13</td>
<td>runner.TestRunnerClass@4961f6af</td></tr>
<tr>
<td title='runner.TestRunnerClass.runScenario()'><b>runScenario</b><br>Test class: runner.TestRunnerClass<br>Test method: Runs Cucumber Scenarios<br>Parameters: "Validation of Adding New Insurance", "Validation of New Insurace Details"</td>
<td></td>
<td>14</td>
<td>runner.TestRunnerClass@4961f6af</td></tr>
<tr>
<td title='runner.TestRunnerClass.runScenario()'><b>runScenario</b><br>Test class: runner.TestRunnerClass<br>Test method: Runs Cucumber Scenarios<br>Parameters: "Validating Registered Users", "Register New User"</td>
<td></td>
<td>8</td>
<td>runner.TestRunnerClass@4961f6af</td></tr>
<tr>
<td title='runner.TestRunnerClass.runScenario()'><b>runScenario</b><br>Test class: runner.TestRunnerClass<br>Test method: Runs Cucumber Scenarios<br>Parameters: "Validation of Adding New Insurance", "Validation of New Insurace Details"</td>
<td></td>
<td>14</td>
<td>runner.TestRunnerClass@4961f6af</td></tr>
<tr>
<td title='runner.TestRunnerClass.runScenario()'><b>runScenario</b><br>Test class: runner.TestRunnerClass<br>Test method: Runs Cucumber Scenarios<br>Parameters: "Validating Delete Policy and Yes button", "Delete Policy"</td>
<td></td>
<td>27</td>
<td>runner.TestRunnerClass@4961f6af</td></tr>
<tr>
<td title='runner.TestRunnerClass.runScenario()'><b>runScenario</b><br>Test class: runner.TestRunnerClass<br>Test method: Runs Cucumber Scenarios<br>Parameters: "Validation of Adding New Insurance", "Validation of New Insurace Details"</td>
<td></td>
<td>13</td>
<td>runner.TestRunnerClass@4961f6af</td></tr>
</table><p>
</body>
</html>