<?xml version="1.0" encoding="UTF-8"?>
<testng-results ignored="0" total="40" passed="37" failed="3" skipped="0">
  <reporter-output>
  </reporter-output>
  <suite started-at="2025-01-17T01:03:38 IST" name="Default suite" finished-at="2025-01-17T01:12:24 IST" duration-ms="525512">
    <groups>
      <group name="cucumber">
        <method signature="AbstractTestNGCucumberTests.runScenario(io.cucumber.testng.PickleWrapper,io.cucumber.testng.FeatureWrapper)[pri:0, instance:runner.TestRunnerClass@4961f6af]" name="runScenario" class="io.cucumber.testng.AbstractTestNGCucumberTests"/>
      </group> <!-- cucumber -->
    </groups>
    <test started-at="2025-01-17T01:03:38 IST" name="Default test" finished-at="2025-01-17T01:12:24 IST" duration-ms="525512">
      <class name="runner.TestRunnerClass">
        <test-method is-config="true" signature="setUpClass(org.testng.ITestContext)[pri:0, instance:runner.TestRunnerClass@4961f6af]" started-at="2025-01-17T01:03:38 IST" name="setUpClass" finished-at="2025-01-17T01:03:39 IST" duration-ms="747" status="PASS">
          <params>
            <param index="0">
              <value>
                <![CDATA[org.testng.TestRunner@7a1148f2]]>
              </value>
            </param>
          </params>
          <reporter-output>
          </reporter-output>
        </test-method> <!-- setUpClass -->
        <test-method signature="runScenario(io.cucumber.testng.PickleWrapper,io.cucumber.testng.FeatureWrapper)[pri:0, instance:runner.TestRunnerClass@4961f6af]" started-at="2025-01-17T01:03:39 IST" name="runScenario" description="Runs Cucumber Scenarios" data-provider="scenarios" finished-at="2025-01-17T01:04:01 IST" duration-ms="22348" status="PASS">
          <params>
            <param index="0">
              <value>
                <![CDATA["Successful Login with valid credentials"]]>
              </value>
            </param>
            <param index="1">
              <value>
                <![CDATA["Login Page Functionality"]]>
              </value>
            </param>
          </params>
          <reporter-output>
          </reporter-output>
        </test-method> <!-- runScenario -->
        <test-method signature="runScenario(io.cucumber.testng.PickleWrapper,io.cucumber.testng.FeatureWrapper)[pri:0, instance:runner.TestRunnerClass@4961f6af]" started-at="2025-01-17T01:04:01 IST" name="runScenario" description="Runs Cucumber Scenarios" data-provider="scenarios" finished-at="2025-01-17T01:04:14 IST" duration-ms="12677" status="PASS">
          <params>
            <param index="0">
              <value>
                <![CDATA["Unsuccessful Login with invalid credentials"]]>
              </value>
            </param>
            <param index="1">
              <value>
                <![CDATA["Login Page Functionality"]]>
              </value>
            </param>
          </params>
          <reporter-output>
          </reporter-output>
        </test-method> <!-- runScenario -->
        <test-method signature="runScenario(io.cucumber.testng.PickleWrapper,io.cucumber.testng.FeatureWrapper)[pri:0, instance:runner.TestRunnerClass@4961f6af]" started-at="2025-01-17T01:04:14 IST" name="runScenario" description="Runs Cucumber Scenarios" data-provider="scenarios" finished-at="2025-01-17T01:04:25 IST" duration-ms="11273" status="PASS">
          <params>
            <param index="0">
              <value>
                <![CDATA["Login with empty credentials"]]>
              </value>
            </param>
            <param index="1">
              <value>
                <![CDATA["Login Page Functionality"]]>
              </value>
            </param>
          </params>
          <reporter-output>
          </reporter-output>
        </test-method> <!-- runScenario -->
        <test-method signature="runScenario(io.cucumber.testng.PickleWrapper,io.cucumber.testng.FeatureWrapper)[pri:0, instance:runner.TestRunnerClass@4961f6af]" started-at="2025-01-17T01:04:25 IST" name="runScenario" description="Runs Cucumber Scenarios" data-provider="scenarios" finished-at="2025-01-17T01:04:38 IST" duration-ms="12243" status="PASS">
          <params>
            <param index="0">
              <value>
                <![CDATA["Unsuccessful Login with invalid credentials"]]>
              </value>
            </param>
            <param index="1">
              <value>
                <![CDATA["Login Page Functionality"]]>
              </value>
            </param>
          </params>
          <reporter-output>
          </reporter-output>
        </test-method> <!-- runScenario -->
        <test-method signature="runScenario(io.cucumber.testng.PickleWrapper,io.cucumber.testng.FeatureWrapper)[pri:0, instance:runner.TestRunnerClass@4961f6af]" started-at="2025-01-17T01:04:38 IST" name="runScenario" description="Runs Cucumber Scenarios" data-provider="scenarios" finished-at="2025-01-17T01:04:55 IST" duration-ms="17289" status="PASS">
          <params>
            <param index="0">
              <value>
                <![CDATA["Validate the landing page title"]]>
              </value>
            </param>
            <param index="1">
              <value>
                <![CDATA["Login Page Functionality"]]>
              </value>
            </param>
          </params>
          <reporter-output>
          </reporter-output>
        </test-method> <!-- runScenario -->
        <test-method signature="runScenario(io.cucumber.testng.PickleWrapper,io.cucumber.testng.FeatureWrapper)[pri:0, instance:runner.TestRunnerClass@4961f6af]" started-at="2025-01-17T01:04:55 IST" name="runScenario" description="Runs Cucumber Scenarios" data-provider="scenarios" finished-at="2025-01-17T01:05:10 IST" duration-ms="14842" status="PASS">
          <params>
            <param index="0">
              <value>
                <![CDATA["Validation of Adding New Insurance"]]>
              </value>
            </param>
            <param index="1">
              <value>
                <![CDATA["Validation of New Insurace Details"]]>
              </value>
            </param>
          </params>
          <reporter-output>
          </reporter-output>
        </test-method> <!-- runScenario -->
        <test-method signature="runScenario(io.cucumber.testng.PickleWrapper,io.cucumber.testng.FeatureWrapper)[pri:0, instance:runner.TestRunnerClass@4961f6af]" started-at="2025-01-17T01:05:10 IST" name="runScenario" description="Runs Cucumber Scenarios" data-provider="scenarios" finished-at="2025-01-17T01:05:23 IST" duration-ms="13584" status="PASS">
          <params>
            <param index="0">
              <value>
                <![CDATA["Validation of Adding New Insurance"]]>
              </value>
            </param>
            <param index="1">
              <value>
                <![CDATA["Validation of New Insurace Details"]]>
              </value>
            </param>
          </params>
          <reporter-output>
          </reporter-output>
        </test-method> <!-- runScenario -->
        <test-method signature="runScenario(io.cucumber.testng.PickleWrapper,io.cucumber.testng.FeatureWrapper)[pri:0, instance:runner.TestRunnerClass@4961f6af]" started-at="2025-01-17T01:05:23 IST" name="runScenario" description="Runs Cucumber Scenarios" data-provider="scenarios" finished-at="2025-01-17T01:05:37 IST" duration-ms="13367" status="PASS">
          <params>
            <param index="0">
              <value>
                <![CDATA["Validation of Adding New Insurance"]]>
              </value>
            </param>
            <param index="1">
              <value>
                <![CDATA["Validation of New Insurace Details"]]>
              </value>
            </param>
          </params>
          <reporter-output>
          </reporter-output>
        </test-method> <!-- runScenario -->
        <test-method signature="runScenario(io.cucumber.testng.PickleWrapper,io.cucumber.testng.FeatureWrapper)[pri:0, instance:runner.TestRunnerClass@4961f6af]" started-at="2025-01-17T01:05:37 IST" name="runScenario" description="Runs Cucumber Scenarios" data-provider="scenarios" finished-at="2025-01-17T01:05:51 IST" duration-ms="13940" status="PASS">
          <params>
            <param index="0">
              <value>
                <![CDATA["Validation of Adding New Insurance"]]>
              </value>
            </param>
            <param index="1">
              <value>
                <![CDATA["Validation of New Insurace Details"]]>
              </value>
            </param>
          </params>
          <reporter-output>
          </reporter-output>
        </test-method> <!-- runScenario -->
        <test-method signature="runScenario(io.cucumber.testng.PickleWrapper,io.cucumber.testng.FeatureWrapper)[pri:0, instance:runner.TestRunnerClass@4961f6af]" started-at="2025-01-17T01:05:51 IST" name="runScenario" description="Runs Cucumber Scenarios" data-provider="scenarios" finished-at="2025-01-17T01:06:05 IST" duration-ms="14410" status="PASS">
          <params>
            <param index="0">
              <value>
                <![CDATA["Validation of Adding New Insurance"]]>
              </value>
            </param>
            <param index="1">
              <value>
                <![CDATA["Validation of New Insurace Details"]]>
              </value>
            </param>
          </params>
          <reporter-output>
          </reporter-output>
        </test-method> <!-- runScenario -->
        <test-method signature="runScenario(io.cucumber.testng.PickleWrapper,io.cucumber.testng.FeatureWrapper)[pri:0, instance:runner.TestRunnerClass@4961f6af]" started-at="2025-01-17T01:06:05 IST" name="runScenario" description="Runs Cucumber Scenarios" data-provider="scenarios" finished-at="2025-01-17T01:06:19 IST" duration-ms="13604" status="PASS">
          <params>
            <param index="0">
              <value>
                <![CDATA["Validation of Adding New Insurance"]]>
              </value>
            </param>
            <param index="1">
              <value>
                <![CDATA["Validation of New Insurace Details"]]>
              </value>
            </param>
          </params>
          <reporter-output>
          </reporter-output>
        </test-method> <!-- runScenario -->
        <test-method signature="runScenario(io.cucumber.testng.PickleWrapper,io.cucumber.testng.FeatureWrapper)[pri:0, instance:runner.TestRunnerClass@4961f6af]" started-at="2025-01-17T01:06:19 IST" name="runScenario" description="Runs Cucumber Scenarios" data-provider="scenarios" finished-at="2025-01-17T01:06:33 IST" duration-ms="14079" status="PASS">
          <params>
            <param index="0">
              <value>
                <![CDATA["Validation of Adding New Insurance"]]>
              </value>
            </param>
            <param index="1">
              <value>
                <![CDATA["Validation of New Insurace Details"]]>
              </value>
            </param>
          </params>
          <reporter-output>
          </reporter-output>
        </test-method> <!-- runScenario -->
        <test-method signature="runScenario(io.cucumber.testng.PickleWrapper,io.cucumber.testng.FeatureWrapper)[pri:0, instance:runner.TestRunnerClass@4961f6af]" started-at="2025-01-17T01:06:33 IST" name="runScenario" description="Runs Cucumber Scenarios" data-provider="scenarios" finished-at="2025-01-17T01:06:46 IST" duration-ms="13593" status="PASS">
          <params>
            <param index="0">
              <value>
                <![CDATA["Validation of Adding New Insurance"]]>
              </value>
            </param>
            <param index="1">
              <value>
                <![CDATA["Validation of New Insurace Details"]]>
              </value>
            </param>
          </params>
          <reporter-output>
          </reporter-output>
        </test-method> <!-- runScenario -->
        <test-method signature="runScenario(io.cucumber.testng.PickleWrapper,io.cucumber.testng.FeatureWrapper)[pri:0, instance:runner.TestRunnerClass@4961f6af]" started-at="2025-01-17T01:06:46 IST" name="runScenario" description="Runs Cucumber Scenarios" data-provider="scenarios" finished-at="2025-01-17T01:07:01 IST" duration-ms="14292" status="PASS">
          <params>
            <param index="0">
              <value>
                <![CDATA["Validation of Adding New Insurance"]]>
              </value>
            </param>
            <param index="1">
              <value>
                <![CDATA["Validation of New Insurace Details"]]>
              </value>
            </param>
          </params>
          <reporter-output>
          </reporter-output>
        </test-method> <!-- runScenario -->
        <test-method signature="runScenario(io.cucumber.testng.PickleWrapper,io.cucumber.testng.FeatureWrapper)[pri:0, instance:runner.TestRunnerClass@4961f6af]" started-at="2025-01-17T01:07:01 IST" name="runScenario" description="Runs Cucumber Scenarios" data-provider="scenarios" finished-at="2025-01-17T01:07:14 IST" duration-ms="13628" status="PASS">
          <params>
            <param index="0">
              <value>
                <![CDATA["Validation of Adding New Insurance"]]>
              </value>
            </param>
            <param index="1">
              <value>
                <![CDATA["Validation of New Insurace Details"]]>
              </value>
            </param>
          </params>
          <reporter-output>
          </reporter-output>
        </test-method> <!-- runScenario -->
        <test-method signature="runScenario(io.cucumber.testng.PickleWrapper,io.cucumber.testng.FeatureWrapper)[pri:0, instance:runner.TestRunnerClass@4961f6af]" started-at="2025-01-17T01:07:14 IST" name="runScenario" description="Runs Cucumber Scenarios" data-provider="scenarios" finished-at="2025-01-17T01:07:28 IST" duration-ms="14081" status="PASS">
          <params>
            <param index="0">
              <value>
                <![CDATA["Validation of Adding New Insurance"]]>
              </value>
            </param>
            <param index="1">
              <value>
                <![CDATA["Validation of New Insurace Details"]]>
              </value>
            </param>
          </params>
          <reporter-output>
          </reporter-output>
        </test-method> <!-- runScenario -->
        <test-method signature="runScenario(io.cucumber.testng.PickleWrapper,io.cucumber.testng.FeatureWrapper)[pri:0, instance:runner.TestRunnerClass@4961f6af]" started-at="2025-01-17T01:07:28 IST" name="runScenario" description="Runs Cucumber Scenarios" data-provider="scenarios" finished-at="2025-01-17T01:07:42 IST" duration-ms="13508" status="PASS">
          <params>
            <param index="0">
              <value>
                <![CDATA["Validation of Adding New Insurance"]]>
              </value>
            </param>
            <param index="1">
              <value>
                <![CDATA["Validation of New Insurace Details"]]>
              </value>
            </param>
          </params>
          <reporter-output>
          </reporter-output>
        </test-method> <!-- runScenario -->
        <test-method signature="runScenario(io.cucumber.testng.PickleWrapper,io.cucumber.testng.FeatureWrapper)[pri:0, instance:runner.TestRunnerClass@4961f6af]" started-at="2025-01-17T01:07:42 IST" name="runScenario" description="Runs Cucumber Scenarios" data-provider="scenarios" finished-at="2025-01-17T01:07:56 IST" duration-ms="13681" status="PASS">
          <params>
            <param index="0">
              <value>
                <![CDATA["Validation of Adding New Insurance"]]>
              </value>
            </param>
            <param index="1">
              <value>
                <![CDATA["Validation of New Insurace Details"]]>
              </value>
            </param>
          </params>
          <reporter-output>
          </reporter-output>
        </test-method> <!-- runScenario -->
        <test-method signature="runScenario(io.cucumber.testng.PickleWrapper,io.cucumber.testng.FeatureWrapper)[pri:0, instance:runner.TestRunnerClass@4961f6af]" started-at="2025-01-17T01:07:56 IST" name="runScenario" description="Runs Cucumber Scenarios" data-provider="scenarios" finished-at="2025-01-17T01:08:23 IST" duration-ms="27609" status="PASS">
          <params>
            <param index="0">
              <value>
                <![CDATA["Validating Delete Policy for Cancel button"]]>
              </value>
            </param>
            <param index="1">
              <value>
                <![CDATA["Delete Policy"]]>
              </value>
            </param>
          </params>
          <reporter-output>
          </reporter-output>
        </test-method> <!-- runScenario -->
        <test-method signature="runScenario(io.cucumber.testng.PickleWrapper,io.cucumber.testng.FeatureWrapper)[pri:0, instance:runner.TestRunnerClass@4961f6af]" started-at="2025-01-17T01:08:23 IST" name="runScenario" description="Runs Cucumber Scenarios" data-provider="scenarios" finished-at="2025-01-17T01:08:51 IST" duration-ms="27386" status="PASS">
          <params>
            <param index="0">
              <value>
                <![CDATA["Validating Delete Policy and Yes button"]]>
              </value>
            </param>
            <param index="1">
              <value>
                <![CDATA["Delete Policy"]]>
              </value>
            </param>
          </params>
          <reporter-output>
          </reporter-output>
        </test-method> <!-- runScenario -->
        <test-method signature="runScenario(io.cucumber.testng.PickleWrapper,io.cucumber.testng.FeatureWrapper)[pri:0, instance:runner.TestRunnerClass@4961f6af]" started-at="2025-01-17T01:08:51 IST" name="runScenario" description="Runs Cucumber Scenarios" data-provider="scenarios" finished-at="2025-01-17T01:08:58 IST" duration-ms="7060" status="PASS">
          <params>
            <param index="0">
              <value>
                <![CDATA["User is changing the Password"]]>
              </value>
            </param>
            <param index="1">
              <value>
                <![CDATA["User is changing the password"]]>
              </value>
            </param>
          </params>
          <reporter-output>
          </reporter-output>
        </test-method> <!-- runScenario -->
        <test-method signature="runScenario(io.cucumber.testng.PickleWrapper,io.cucumber.testng.FeatureWrapper)[pri:0, instance:runner.TestRunnerClass@4961f6af]" started-at="2025-01-17T01:08:58 IST" name="runScenario" description="Runs Cucumber Scenarios" data-provider="scenarios" finished-at="2025-01-17T01:09:09 IST" duration-ms="11777" status="PASS">
          <params>
            <param index="0">
              <value>
                <![CDATA["Validating New User Registration"]]>
              </value>
            </param>
            <param index="1">
              <value>
                <![CDATA["Register New User"]]>
              </value>
            </param>
          </params>
          <reporter-output>
          </reporter-output>
        </test-method> <!-- runScenario -->
        <test-method signature="runScenario(io.cucumber.testng.PickleWrapper,io.cucumber.testng.FeatureWrapper)[pri:0, instance:runner.TestRunnerClass@4961f6af]" started-at="2025-01-17T01:09:09 IST" name="runScenario" description="Runs Cucumber Scenarios" data-provider="scenarios" finished-at="2025-01-17T01:09:21 IST" duration-ms="11581" status="PASS">
          <params>
            <param index="0">
              <value>
                <![CDATA["Validating New User Registration"]]>
              </value>
            </param>
            <param index="1">
              <value>
                <![CDATA["Register New User"]]>
              </value>
            </param>
          </params>
          <reporter-output>
          </reporter-output>
        </test-method> <!-- runScenario -->
        <test-method signature="runScenario(io.cucumber.testng.PickleWrapper,io.cucumber.testng.FeatureWrapper)[pri:0, instance:runner.TestRunnerClass@4961f6af]" started-at="2025-01-17T01:09:21 IST" name="runScenario" description="Runs Cucumber Scenarios" data-provider="scenarios" finished-at="2025-01-17T01:09:32 IST" duration-ms="11197" status="PASS">
          <params>
            <param index="0">
              <value>
                <![CDATA["Validating New User Registration"]]>
              </value>
            </param>
            <param index="1">
              <value>
                <![CDATA["Register New User"]]>
              </value>
            </param>
          </params>
          <reporter-output>
          </reporter-output>
        </test-method> <!-- runScenario -->
        <test-method signature="runScenario(io.cucumber.testng.PickleWrapper,io.cucumber.testng.FeatureWrapper)[pri:0, instance:runner.TestRunnerClass@4961f6af]" started-at="2025-01-17T01:09:32 IST" name="runScenario" description="Runs Cucumber Scenarios" data-provider="scenarios" finished-at="2025-01-17T01:09:44 IST" duration-ms="11378" status="PASS">
          <params>
            <param index="0">
              <value>
                <![CDATA["Validating New User Registration"]]>
              </value>
            </param>
            <param index="1">
              <value>
                <![CDATA["Register New User"]]>
              </value>
            </param>
          </params>
          <reporter-output>
          </reporter-output>
        </test-method> <!-- runScenario -->
        <test-method signature="runScenario(io.cucumber.testng.PickleWrapper,io.cucumber.testng.FeatureWrapper)[pri:0, instance:runner.TestRunnerClass@4961f6af]" started-at="2025-01-17T01:09:44 IST" name="runScenario" description="Runs Cucumber Scenarios" data-provider="scenarios" finished-at="2025-01-17T01:09:55 IST" duration-ms="11257" status="PASS">
          <params>
            <param index="0">
              <value>
                <![CDATA["Validating New User Registration"]]>
              </value>
            </param>
            <param index="1">
              <value>
                <![CDATA["Register New User"]]>
              </value>
            </param>
          </params>
          <reporter-output>
          </reporter-output>
        </test-method> <!-- runScenario -->
        <test-method signature="runScenario(io.cucumber.testng.PickleWrapper,io.cucumber.testng.FeatureWrapper)[pri:0, instance:runner.TestRunnerClass@4961f6af]" started-at="2025-01-17T01:09:55 IST" name="runScenario" description="Runs Cucumber Scenarios" data-provider="scenarios" finished-at="2025-01-17T01:10:04 IST" duration-ms="8795" status="PASS">
          <params>
            <param index="0">
              <value>
                <![CDATA["Validating Registered Users"]]>
              </value>
            </param>
            <param index="1">
              <value>
                <![CDATA["Register New User"]]>
              </value>
            </param>
          </params>
          <reporter-output>
          </reporter-output>
        </test-method> <!-- runScenario -->
        <test-method signature="runScenario(io.cucumber.testng.PickleWrapper,io.cucumber.testng.FeatureWrapper)[pri:0, instance:runner.TestRunnerClass@4961f6af]" started-at="2025-01-17T01:10:04 IST" name="runScenario" description="Runs Cucumber Scenarios" data-provider="scenarios" finished-at="2025-01-17T01:10:13 IST" duration-ms="8890" status="PASS">
          <params>
            <param index="0">
              <value>
                <![CDATA["Validating Registered Users"]]>
              </value>
            </param>
            <param index="1">
              <value>
                <![CDATA["Register New User"]]>
              </value>
            </param>
          </params>
          <reporter-output>
          </reporter-output>
        </test-method> <!-- runScenario -->
        <test-method signature="runScenario(io.cucumber.testng.PickleWrapper,io.cucumber.testng.FeatureWrapper)[pri:0, instance:runner.TestRunnerClass@4961f6af]" started-at="2025-01-17T01:10:13 IST" name="runScenario" description="Runs Cucumber Scenarios" data-provider="scenarios" finished-at="2025-01-17T01:10:21 IST" duration-ms="8640" status="PASS">
          <params>
            <param index="0">
              <value>
                <![CDATA["Validating Registered Users"]]>
              </value>
            </param>
            <param index="1">
              <value>
                <![CDATA["Register New User"]]>
              </value>
            </param>
          </params>
          <reporter-output>
          </reporter-output>
        </test-method> <!-- runScenario -->
        <test-method signature="runScenario(io.cucumber.testng.PickleWrapper,io.cucumber.testng.FeatureWrapper)[pri:0, instance:runner.TestRunnerClass@4961f6af]" started-at="2025-01-17T01:10:21 IST" name="runScenario" description="Runs Cucumber Scenarios" data-provider="scenarios" finished-at="2025-01-17T01:10:30 IST" duration-ms="8800" status="PASS">
          <params>
            <param index="0">
              <value>
                <![CDATA["Validating Registered Users"]]>
              </value>
            </param>
            <param index="1">
              <value>
                <![CDATA["Register New User"]]>
              </value>
            </param>
          </params>
          <reporter-output>
          </reporter-output>
        </test-method> <!-- runScenario -->
        <test-method signature="runScenario(io.cucumber.testng.PickleWrapper,io.cucumber.testng.FeatureWrapper)[pri:0, instance:runner.TestRunnerClass@4961f6af]" started-at="2025-01-17T01:10:30 IST" name="runScenario" description="Runs Cucumber Scenarios" data-provider="scenarios" finished-at="2025-01-17T01:10:39 IST" duration-ms="8838" status="PASS">
          <params>
            <param index="0">
              <value>
                <![CDATA["Validating Registered Users"]]>
              </value>
            </param>
            <param index="1">
              <value>
                <![CDATA["Register New User"]]>
              </value>
            </param>
          </params>
          <reporter-output>
          </reporter-output>
        </test-method> <!-- runScenario -->
        <test-method signature="runScenario(io.cucumber.testng.PickleWrapper,io.cucumber.testng.FeatureWrapper)[pri:0, instance:runner.TestRunnerClass@4961f6af]" started-at="2025-01-17T01:10:39 IST" name="runScenario" description="Runs Cucumber Scenarios" data-provider="scenarios" finished-at="2025-01-17T01:10:55 IST" duration-ms="16560" status="FAIL">
          <params>
            <param index="0">
              <value>
                <![CDATA["Validating Registered Users"]]>
              </value>
            </param>
            <param index="1">
              <value>
                <![CDATA["Register New User"]]>
              </value>
            </param>
          </params>
          <exception class="org.openqa.selenium.NoSuchElementException">
            <message>
              <![CDATA[no such element: Unable to locate element: {"method":"xpath","selector":"//p[text()='Error registered user']"}
  (Session info: chrome=131.0.6778.265)
For documentation on this error, please visit: https://www.selenium.dev/documentation/webdriver/troubleshooting/errors#no-such-element-exception
Build info: version: '4.11.0', revision: '040bc5406b'
System info: os.name: 'Windows 11', os.arch: 'amd64', os.version: '10.0', java.version: '23.0.1'
Driver info: org.openqa.selenium.chrome.ChromeDriver
Command: [ad2f3ad94e88fb525369ca1e3c2a2efd, findElement {using=xpath, value=//p[text()='Error registered user']}]
Capabilities {acceptInsecureCerts: false, browserName: chrome, browserVersion: 131.0.6778.265, chrome: {chromedriverVersion: 131.0.6778.264 (2d05e315153..., userDataDir: C:\Users\SMUNIY~1\AppData\L...}, fedcm:accounts: true, goog:chromeOptions: {debuggerAddress: localhost:57011}, networkConnectionEnabled: false, pageLoadStrategy: normal, platformName: windows, proxy: Proxy(), se:cdp: ws://localhost:57011/devtoo..., se:cdpVersion: 131.0.6778.265, setWindowRect: true, strictFileInteractability: false, timeouts: {implicit: 0, pageLoad: 300000, script: 30000}, unhandledPromptBehavior: dismiss and notify, webauthn:extension:credBlob: true, webauthn:extension:largeBlob: true, webauthn:extension:minPinLength: true, webauthn:extension:prf: true, webauthn:virtualAuthenticators: true}
Session ID: ad2f3ad94e88fb525369ca1e3c2a2efd]]>
            </message>
            <full-stacktrace>
              <![CDATA[org.openqa.selenium.NoSuchElementException: no such element: Unable to locate element: {"method":"xpath","selector":"//p[text()='Error registered user']"}
  (Session info: chrome=131.0.6778.265)
For documentation on this error, please visit: https://www.selenium.dev/documentation/webdriver/troubleshooting/errors#no-such-element-exception
Build info: version: '4.11.0', revision: '040bc5406b'
System info: os.name: 'Windows 11', os.arch: 'amd64', os.version: '10.0', java.version: '23.0.1'
Driver info: org.openqa.selenium.chrome.ChromeDriver
Command: [ad2f3ad94e88fb525369ca1e3c2a2efd, findElement {using=xpath, value=//p[text()='Error registered user']}]
Capabilities {acceptInsecureCerts: false, browserName: chrome, browserVersion: 131.0.6778.265, chrome: {chromedriverVersion: 131.0.6778.264 (2d05e315153..., userDataDir: C:\Users\SMUNIY~1\AppData\L...}, fedcm:accounts: true, goog:chromeOptions: {debuggerAddress: localhost:57011}, networkConnectionEnabled: false, pageLoadStrategy: normal, platformName: windows, proxy: Proxy(), se:cdp: ws://localhost:57011/devtoo..., se:cdpVersion: 131.0.6778.265, setWindowRect: true, strictFileInteractability: false, timeouts: {implicit: 0, pageLoad: 300000, script: 30000}, unhandledPromptBehavior: dismiss and notify, webauthn:extension:credBlob: true, webauthn:extension:largeBlob: true, webauthn:extension:minPinLength: true, webauthn:extension:prf: true, webauthn:virtualAuthenticators: true}
Session ID: ad2f3ad94e88fb525369ca1e3c2a2efd
at java.base/jdk.internal.reflect.DirectConstructorHandleAccessor.newInstance(DirectConstructorHandleAccessor.java:62)
at java.base/java.lang.reflect.Constructor.newInstanceWithCaller(Constructor.java:501)
at java.base/java.lang.reflect.Constructor.newInstance(Constructor.java:485)
at org.openqa.selenium.remote.codec.w3c.W3CHttpResponseCodec.createException(W3CHttpResponseCodec.java:200)
at org.openqa.selenium.remote.codec.w3c.W3CHttpResponseCodec.decode(W3CHttpResponseCodec.java:133)
at org.openqa.selenium.remote.codec.w3c.W3CHttpResponseCodec.decode(W3CHttpResponseCodec.java:52)
at org.openqa.selenium.remote.HttpCommandExecutor.execute(HttpCommandExecutor.java:191)
at org.openqa.selenium.remote.service.DriverCommandExecutor.invokeExecute(DriverCommandExecutor.java:196)
at org.openqa.selenium.remote.service.DriverCommandExecutor.execute(DriverCommandExecutor.java:171)
at org.openqa.selenium.remote.RemoteWebDriver.execute(RemoteWebDriver.java:518)
at org.openqa.selenium.remote.ElementLocation$ElementFinder$2.findElement(ElementLocation.java:165)
at org.openqa.selenium.remote.ElementLocation.findElement(ElementLocation.java:59)
at org.openqa.selenium.remote.RemoteWebDriver.findElement(RemoteWebDriver.java:355)
at org.openqa.selenium.remote.RemoteWebDriver.findElement(RemoteWebDriver.java:349)
at stepDef.registerNewAccount.user_get_the_error_msg(registerNewAccount.java:128)
at ✽.User get the error msg(file:///C:/Users/smuniyappan2/git/repository/Cucumber/src/test/resources/feature5_RegisterNewAccount.feature:46)
]]>
            </full-stacktrace>
          </exception> <!-- org.openqa.selenium.NoSuchElementException -->
          <reporter-output>
          </reporter-output>
        </test-method> <!-- runScenario -->
        <test-method signature="runScenario(io.cucumber.testng.PickleWrapper,io.cucumber.testng.FeatureWrapper)[pri:0, instance:runner.TestRunnerClass@4961f6af]" started-at="2025-01-17T01:10:55 IST" name="runScenario" description="Runs Cucumber Scenarios" data-provider="scenarios" finished-at="2025-01-17T01:11:12 IST" duration-ms="17026" status="FAIL">
          <params>
            <param index="0">
              <value>
                <![CDATA["Validating Registered Users"]]>
              </value>
            </param>
            <param index="1">
              <value>
                <![CDATA["Register New User"]]>
              </value>
            </param>
          </params>
          <exception class="org.openqa.selenium.NoSuchElementException">
            <message>
              <![CDATA[no such element: Unable to locate element: {"method":"xpath","selector":"//p[text()='Error registered user']"}
  (Session info: chrome=131.0.6778.265)
For documentation on this error, please visit: https://www.selenium.dev/documentation/webdriver/troubleshooting/errors#no-such-element-exception
Build info: version: '4.11.0', revision: '040bc5406b'
System info: os.name: 'Windows 11', os.arch: 'amd64', os.version: '10.0', java.version: '23.0.1'
Driver info: org.openqa.selenium.chrome.ChromeDriver
Command: [94b814c9ec456e5a41d76ccc137e8df0, findElement {using=xpath, value=//p[text()='Error registered user']}]
Capabilities {acceptInsecureCerts: false, browserName: chrome, browserVersion: 131.0.6778.265, chrome: {chromedriverVersion: 131.0.6778.264 (2d05e315153..., userDataDir: C:\Users\SMUNIY~1\AppData\L...}, fedcm:accounts: true, goog:chromeOptions: {debuggerAddress: localhost:57041}, networkConnectionEnabled: false, pageLoadStrategy: normal, platformName: windows, proxy: Proxy(), se:cdp: ws://localhost:57041/devtoo..., se:cdpVersion: 131.0.6778.265, setWindowRect: true, strictFileInteractability: false, timeouts: {implicit: 0, pageLoad: 300000, script: 30000}, unhandledPromptBehavior: dismiss and notify, webauthn:extension:credBlob: true, webauthn:extension:largeBlob: true, webauthn:extension:minPinLength: true, webauthn:extension:prf: true, webauthn:virtualAuthenticators: true}
Session ID: 94b814c9ec456e5a41d76ccc137e8df0]]>
            </message>
            <full-stacktrace>
              <![CDATA[org.openqa.selenium.NoSuchElementException: no such element: Unable to locate element: {"method":"xpath","selector":"//p[text()='Error registered user']"}
  (Session info: chrome=131.0.6778.265)
For documentation on this error, please visit: https://www.selenium.dev/documentation/webdriver/troubleshooting/errors#no-such-element-exception
Build info: version: '4.11.0', revision: '040bc5406b'
System info: os.name: 'Windows 11', os.arch: 'amd64', os.version: '10.0', java.version: '23.0.1'
Driver info: org.openqa.selenium.chrome.ChromeDriver
Command: [94b814c9ec456e5a41d76ccc137e8df0, findElement {using=xpath, value=//p[text()='Error registered user']}]
Capabilities {acceptInsecureCerts: false, browserName: chrome, browserVersion: 131.0.6778.265, chrome: {chromedriverVersion: 131.0.6778.264 (2d05e315153..., userDataDir: C:\Users\SMUNIY~1\AppData\L...}, fedcm:accounts: true, goog:chromeOptions: {debuggerAddress: localhost:57041}, networkConnectionEnabled: false, pageLoadStrategy: normal, platformName: windows, proxy: Proxy(), se:cdp: ws://localhost:57041/devtoo..., se:cdpVersion: 131.0.6778.265, setWindowRect: true, strictFileInteractability: false, timeouts: {implicit: 0, pageLoad: 300000, script: 30000}, unhandledPromptBehavior: dismiss and notify, webauthn:extension:credBlob: true, webauthn:extension:largeBlob: true, webauthn:extension:minPinLength: true, webauthn:extension:prf: true, webauthn:virtualAuthenticators: true}
Session ID: 94b814c9ec456e5a41d76ccc137e8df0
at java.base/jdk.internal.reflect.DirectConstructorHandleAccessor.newInstance(DirectConstructorHandleAccessor.java:62)
at java.base/java.lang.reflect.Constructor.newInstanceWithCaller(Constructor.java:501)
at java.base/java.lang.reflect.Constructor.newInstance(Constructor.java:485)
at org.openqa.selenium.remote.codec.w3c.W3CHttpResponseCodec.createException(W3CHttpResponseCodec.java:200)
at org.openqa.selenium.remote.codec.w3c.W3CHttpResponseCodec.decode(W3CHttpResponseCodec.java:133)
at org.openqa.selenium.remote.codec.w3c.W3CHttpResponseCodec.decode(W3CHttpResponseCodec.java:52)
at org.openqa.selenium.remote.HttpCommandExecutor.execute(HttpCommandExecutor.java:191)
at org.openqa.selenium.remote.service.DriverCommandExecutor.invokeExecute(DriverCommandExecutor.java:196)
at org.openqa.selenium.remote.service.DriverCommandExecutor.execute(DriverCommandExecutor.java:171)
at org.openqa.selenium.remote.RemoteWebDriver.execute(RemoteWebDriver.java:518)
at org.openqa.selenium.remote.ElementLocation$ElementFinder$2.findElement(ElementLocation.java:165)
at org.openqa.selenium.remote.ElementLocation.findElement(ElementLocation.java:59)
at org.openqa.selenium.remote.RemoteWebDriver.findElement(RemoteWebDriver.java:355)
at org.openqa.selenium.remote.RemoteWebDriver.findElement(RemoteWebDriver.java:349)
at stepDef.registerNewAccount.user_get_the_error_msg(registerNewAccount.java:128)
at ✽.User get the error msg(file:///C:/Users/smuniyappan2/git/repository/Cucumber/src/test/resources/feature5_RegisterNewAccount.feature:46)
]]>
            </full-stacktrace>
          </exception> <!-- org.openqa.selenium.NoSuchElementException -->
          <reporter-output>
          </reporter-output>
        </test-method> <!-- runScenario -->
        <test-method signature="runScenario(io.cucumber.testng.PickleWrapper,io.cucumber.testng.FeatureWrapper)[pri:0, instance:runner.TestRunnerClass@4961f6af]" started-at="2025-01-17T01:11:12 IST" name="runScenario" description="Runs Cucumber Scenarios" data-provider="scenarios" finished-at="2025-01-17T01:11:29 IST" duration-ms="16393" status="FAIL">
          <params>
            <param index="0">
              <value>
                <![CDATA["Validating Registered Users"]]>
              </value>
            </param>
            <param index="1">
              <value>
                <![CDATA["Register New User"]]>
              </value>
            </param>
          </params>
          <exception class="org.openqa.selenium.NoSuchElementException">
            <message>
              <![CDATA[no such element: Unable to locate element: {"method":"xpath","selector":"//p[text()='Error registered user']"}
  (Session info: chrome=131.0.6778.265)
For documentation on this error, please visit: https://www.selenium.dev/documentation/webdriver/troubleshooting/errors#no-such-element-exception
Build info: version: '4.11.0', revision: '040bc5406b'
System info: os.name: 'Windows 11', os.arch: 'amd64', os.version: '10.0', java.version: '23.0.1'
Driver info: org.openqa.selenium.chrome.ChromeDriver
Command: [788c70f07e92947c6e4d395eee57e32c, findElement {using=xpath, value=//p[text()='Error registered user']}]
Capabilities {acceptInsecureCerts: false, browserName: chrome, browserVersion: 131.0.6778.265, chrome: {chromedriverVersion: 131.0.6778.264 (2d05e315153..., userDataDir: C:\Users\SMUNIY~1\AppData\L...}, fedcm:accounts: true, goog:chromeOptions: {debuggerAddress: localhost:57071}, networkConnectionEnabled: false, pageLoadStrategy: normal, platformName: windows, proxy: Proxy(), se:cdp: ws://localhost:57071/devtoo..., se:cdpVersion: 131.0.6778.265, setWindowRect: true, strictFileInteractability: false, timeouts: {implicit: 0, pageLoad: 300000, script: 30000}, unhandledPromptBehavior: dismiss and notify, webauthn:extension:credBlob: true, webauthn:extension:largeBlob: true, webauthn:extension:minPinLength: true, webauthn:extension:prf: true, webauthn:virtualAuthenticators: true}
Session ID: 788c70f07e92947c6e4d395eee57e32c]]>
            </message>
            <full-stacktrace>
              <![CDATA[org.openqa.selenium.NoSuchElementException: no such element: Unable to locate element: {"method":"xpath","selector":"//p[text()='Error registered user']"}
  (Session info: chrome=131.0.6778.265)
For documentation on this error, please visit: https://www.selenium.dev/documentation/webdriver/troubleshooting/errors#no-such-element-exception
Build info: version: '4.11.0', revision: '040bc5406b'
System info: os.name: 'Windows 11', os.arch: 'amd64', os.version: '10.0', java.version: '23.0.1'
Driver info: org.openqa.selenium.chrome.ChromeDriver
Command: [788c70f07e92947c6e4d395eee57e32c, findElement {using=xpath, value=//p[text()='Error registered user']}]
Capabilities {acceptInsecureCerts: false, browserName: chrome, browserVersion: 131.0.6778.265, chrome: {chromedriverVersion: 131.0.6778.264 (2d05e315153..., userDataDir: C:\Users\SMUNIY~1\AppData\L...}, fedcm:accounts: true, goog:chromeOptions: {debuggerAddress: localhost:57071}, networkConnectionEnabled: false, pageLoadStrategy: normal, platformName: windows, proxy: Proxy(), se:cdp: ws://localhost:57071/devtoo..., se:cdpVersion: 131.0.6778.265, setWindowRect: true, strictFileInteractability: false, timeouts: {implicit: 0, pageLoad: 300000, script: 30000}, unhandledPromptBehavior: dismiss and notify, webauthn:extension:credBlob: true, webauthn:extension:largeBlob: true, webauthn:extension:minPinLength: true, webauthn:extension:prf: true, webauthn:virtualAuthenticators: true}
Session ID: 788c70f07e92947c6e4d395eee57e32c
at java.base/jdk.internal.reflect.DirectConstructorHandleAccessor.newInstance(DirectConstructorHandleAccessor.java:62)
at java.base/java.lang.reflect.Constructor.newInstanceWithCaller(Constructor.java:501)
at java.base/java.lang.reflect.Constructor.newInstance(Constructor.java:485)
at org.openqa.selenium.remote.codec.w3c.W3CHttpResponseCodec.createException(W3CHttpResponseCodec.java:200)
at org.openqa.selenium.remote.codec.w3c.W3CHttpResponseCodec.decode(W3CHttpResponseCodec.java:133)
at org.openqa.selenium.remote.codec.w3c.W3CHttpResponseCodec.decode(W3CHttpResponseCodec.java:52)
at org.openqa.selenium.remote.HttpCommandExecutor.execute(HttpCommandExecutor.java:191)
at org.openqa.selenium.remote.service.DriverCommandExecutor.invokeExecute(DriverCommandExecutor.java:196)
at org.openqa.selenium.remote.service.DriverCommandExecutor.execute(DriverCommandExecutor.java:171)
at org.openqa.selenium.remote.RemoteWebDriver.execute(RemoteWebDriver.java:518)
at org.openqa.selenium.remote.ElementLocation$ElementFinder$2.findElement(ElementLocation.java:165)
at org.openqa.selenium.remote.ElementLocation.findElement(ElementLocation.java:59)
at org.openqa.selenium.remote.RemoteWebDriver.findElement(RemoteWebDriver.java:355)
at org.openqa.selenium.remote.RemoteWebDriver.findElement(RemoteWebDriver.java:349)
at stepDef.registerNewAccount.user_get_the_error_msg(registerNewAccount.java:128)
at ✽.User get the error msg(file:///C:/Users/smuniyappan2/git/repository/Cucumber/src/test/resources/feature5_RegisterNewAccount.feature:46)
]]>
            </full-stacktrace>
          </exception> <!-- org.openqa.selenium.NoSuchElementException -->
          <reporter-output>
          </reporter-output>
        </test-method> <!-- runScenario -->
        <test-method signature="runScenario(io.cucumber.testng.PickleWrapper,io.cucumber.testng.FeatureWrapper)[pri:0, instance:runner.TestRunnerClass@4961f6af]" started-at="2025-01-17T01:11:29 IST" name="runScenario" description="Runs Cucumber Scenarios" data-provider="scenarios" finished-at="2025-01-17T01:11:35 IST" duration-ms="5707" status="PASS">
          <params>
            <param index="0">
              <value>
                <![CDATA["Print table header in console"]]>
              </value>
            </param>
            <param index="1">
              <value>
                <![CDATA["Get Table Header"]]>
              </value>
            </param>
          </params>
          <reporter-output>
          </reporter-output>
        </test-method> <!-- runScenario -->
        <test-method signature="runScenario(io.cucumber.testng.PickleWrapper,io.cucumber.testng.FeatureWrapper)[pri:0, instance:runner.TestRunnerClass@4961f6af]" started-at="2025-01-17T01:11:35 IST" name="runScenario" description="Runs Cucumber Scenarios" data-provider="scenarios" finished-at="2025-01-17T01:11:41 IST" duration-ms="6481" status="PASS">
          <params>
            <param index="0">
              <value>
                <![CDATA["Deleting Registered Users"]]>
              </value>
            </param>
            <param index="1">
              <value>
                <![CDATA["Validation of Deleting Users in ExpleoSurance Page"]]>
              </value>
            </param>
          </params>
          <reporter-output>
          </reporter-output>
        </test-method> <!-- runScenario -->
        <test-method signature="runScenario(io.cucumber.testng.PickleWrapper,io.cucumber.testng.FeatureWrapper)[pri:0, instance:runner.TestRunnerClass@4961f6af]" started-at="2025-01-17T01:11:41 IST" name="runScenario" description="Runs Cucumber Scenarios" data-provider="scenarios" finished-at="2025-01-17T01:11:49 IST" duration-ms="7609" status="PASS">
          <params>
            <param index="0">
              <value>
                <![CDATA["Deleting Registered Users"]]>
              </value>
            </param>
            <param index="1">
              <value>
                <![CDATA["Validation of Deleting Users in ExpleoSurance Page"]]>
              </value>
            </param>
          </params>
          <reporter-output>
          </reporter-output>
        </test-method> <!-- runScenario -->
        <test-method signature="runScenario(io.cucumber.testng.PickleWrapper,io.cucumber.testng.FeatureWrapper)[pri:0, instance:runner.TestRunnerClass@4961f6af]" started-at="2025-01-17T01:11:49 IST" name="runScenario" description="Runs Cucumber Scenarios" data-provider="scenarios" finished-at="2025-01-17T01:11:57 IST" duration-ms="8613" status="PASS">
          <params>
            <param index="0">
              <value>
                <![CDATA["Deleting Registered Users"]]>
              </value>
            </param>
            <param index="1">
              <value>
                <![CDATA["Validation of Deleting Users in ExpleoSurance Page"]]>
              </value>
            </param>
          </params>
          <reporter-output>
          </reporter-output>
        </test-method> <!-- runScenario -->
        <test-method signature="runScenario(io.cucumber.testng.PickleWrapper,io.cucumber.testng.FeatureWrapper)[pri:0, instance:runner.TestRunnerClass@4961f6af]" started-at="2025-01-17T01:11:57 IST" name="runScenario" description="Runs Cucumber Scenarios" data-provider="scenarios" finished-at="2025-01-17T01:12:13 IST" duration-ms="15951" status="PASS">
          <params>
            <param index="0">
              <value>
                <![CDATA["Validating payemnts page"]]>
              </value>
            </param>
            <param index="1">
              <value>
                <![CDATA["Payment Page Validation"]]>
              </value>
            </param>
          </params>
          <reporter-output>
          </reporter-output>
        </test-method> <!-- runScenario -->
        <test-method signature="runScenario(io.cucumber.testng.PickleWrapper,io.cucumber.testng.FeatureWrapper)[pri:0, instance:runner.TestRunnerClass@4961f6af]" started-at="2025-01-17T01:12:13 IST" name="runScenario" description="Runs Cucumber Scenarios" data-provider="scenarios" finished-at="2025-01-17T01:12:24 IST" duration-ms="10399" status="PASS">
          <params>
            <param index="0">
              <value>
                <![CDATA["Vaildating multiple delete account created in New Insurance"]]>
              </value>
            </param>
            <param index="1">
              <value>
                <![CDATA["Delete Multiple Accounts Created in New Insurace"]]>
              </value>
            </param>
          </params>
          <reporter-output>
          </reporter-output>
        </test-method> <!-- runScenario -->
        <test-method is-config="true" signature="tearDownClass()[pri:0, instance:runner.TestRunnerClass@4961f6af]" started-at="2025-01-17T01:12:24 IST" name="tearDownClass" finished-at="2025-01-17T01:12:24 IST" duration-ms="232" status="PASS">
          <reporter-output>
          </reporter-output>
        </test-method> <!-- tearDownClass -->
      </class> <!-- runner.TestRunnerClass -->
    </test> <!-- Default test -->
  </suite> <!-- Default suite -->
</testng-results>
